<?xml version="1.0" encoding="UTF-8"?>
<!-- Generated by org.testng.reporters.JUnitXMLReporter -->
<testsuite ignored="2" hostname="Asus-Vivobook14" failures="8" tests="8" name="Test" time="2.155" errors="0" timestamp="2023-01-24T17:48:58 IST">
  <testcase classname="org.automation.signIn.SignIn_Page_087Test" name="signin" time="1.07">
    <failure type="java.lang.NullPointerException" message="Cannot invoke &amp;quot;org.openqa.selenium.WebDriver.getTitle()&amp;quot; because &amp;quot;this.driver&amp;quot; is null">
      <![CDATA[java.lang.NullPointerException: Cannot invoke "org.openqa.selenium.WebDriver.getTitle()" because "this.driver" is null
at org.automation.signIn.SignIn_Page_087Test.signin(SignIn_Page_087Test.java:28)
at java.base/java.util.concurrent.ThreadPoolExecutor.runWorker(ThreadPoolExecutor.java:1136)
at java.base/java.util.concurrent.ThreadPoolExecutor$Worker.run(ThreadPoolExecutor.java:635)
at java.base/java.lang.Thread.run(Thread.java:833)
... Removed 10 stack frames]]>
    </failure>
  </testcase> <!-- signin -->
  <testcase classname="org.automation.signIn.SignIn_Page_090Test" name="signin" time="1.07">
    <failure type="java.lang.NullPointerException" message="Cannot invoke &amp;quot;org.openqa.selenium.WebDriver.getTitle()&amp;quot; because &amp;quot;this.driver&amp;quot; is null">
      <![CDATA[java.lang.NullPointerException: Cannot invoke "org.openqa.selenium.WebDriver.getTitle()" because "this.driver" is null
at org.automation.signIn.SignIn_Page_090Test.signin(SignIn_Page_090Test.java:28)
at java.base/java.util.concurrent.ThreadPoolExecutor.runWorker(ThreadPoolExecutor.java:1136)
at java.base/java.util.concurrent.ThreadPoolExecutor$Worker.run(ThreadPoolExecutor.java:635)
at java.base/java.lang.Thread.run(Thread.java:833)
... Removed 10 stack frames]]>
    </failure>
  </testcase> <!-- signin -->
  <testcase classname="org.automation.signIn.SignIn_Page_085Test" name="signin" time="1.07">
    <failure type="java.lang.NullPointerException" message="Cannot invoke &amp;quot;org.openqa.selenium.WebDriver.getTitle()&amp;quot; because &amp;quot;this.driver&amp;quot; is null">
      <![CDATA[java.lang.NullPointerException: Cannot invoke "org.openqa.selenium.WebDriver.getTitle()" because "this.driver" is null
at org.automation.signIn.SignIn_Page_085Test.signin(SignIn_Page_085Test.java:28)
at java.base/java.util.concurrent.ThreadPoolExecutor.runWorker(ThreadPoolExecutor.java:1136)
at java.base/java.util.concurrent.ThreadPoolExecutor$Worker.run(ThreadPoolExecutor.java:635)
at java.base/java.lang.Thread.run(Thread.java:833)
... Removed 10 stack frames]]>
    </failure>
  </testcase> <!-- signin -->
  <testcase classname="org.automation.signIn.SignIn_Page_086Test" name="signin" time="1.07">
    <failure type="java.lang.NullPointerException" message="Cannot invoke &amp;quot;org.openqa.selenium.WebDriver.getTitle()&amp;quot; because &amp;quot;this.driver&amp;quot; is null">
      <![CDATA[java.lang.NullPointerException: Cannot invoke "org.openqa.selenium.WebDriver.getTitle()" because "this.driver" is null
at org.automation.signIn.SignIn_Page_086Test.signin(SignIn_Page_086Test.java:27)
at java.base/java.util.concurrent.ThreadPoolExecutor.runWorker(ThreadPoolExecutor.java:1136)
at java.base/java.util.concurrent.ThreadPoolExecutor$Worker.run(ThreadPoolExecutor.java:635)
at java.base/java.lang.Thread.run(Thread.java:833)
... Removed 10 stack frames]]>
    </failure>
  </testcase> <!-- signin -->
  <testcase classname="org.automation.signIn.SignIn_Page_088Test" name="signin" time="1.069">
    <failure type="java.lang.NullPointerException" message="Cannot invoke &amp;quot;org.openqa.selenium.WebDriver.getTitle()&amp;quot; because &amp;quot;this.driver&amp;quot; is null">
      <![CDATA[java.lang.NullPointerException: Cannot invoke "org.openqa.selenium.WebDriver.getTitle()" because "this.driver" is null
at org.automation.signIn.SignIn_Page_088Test.signin(SignIn_Page_088Test.java:35)
at java.base/java.util.concurrent.ThreadPoolExecutor.runWorker(ThreadPoolExecutor.java:1136)
at java.base/java.util.concurrent.ThreadPoolExecutor$Worker.run(ThreadPoolExecutor.java:635)
at java.base/java.lang.Thread.run(Thread.java:833)
... Removed 10 stack frames]]>
    </failure>
  </testcase> <!-- signin -->
  <testcase classname="org.automation.addToCart.TC_Kalki_AddToCart_081Test" name="clickOnimageDescription" time="0.034">
    <failure type="java.lang.NullPointerException" message="Cannot invoke &amp;quot;org.openqa.selenium.WebDriver.getTitle()&amp;quot; because &amp;quot;this.driver&amp;quot; is null">
      <![CDATA[java.lang.NullPointerException: Cannot invoke "org.openqa.selenium.WebDriver.getTitle()" because "this.driver" is null
at org.automation.addToCart.TC_Kalki_AddToCart_081Test.clickOnimageDescription(TC_Kalki_AddToCart_081Test.java:25)
at java.base/java.util.concurrent.ThreadPoolExecutor.runWorker(ThreadPoolExecutor.java:1136)
at java.base/java.util.concurrent.ThreadPoolExecutor$Worker.run(ThreadPoolExecutor.java:635)
at java.base/java.lang.Thread.run(Thread.java:833)
... Removed 10 stack frames]]>
    </failure>
  </testcase> <!-- clickOnimageDescription -->
  <testcase classname="org.automation.addToCart.TC_Kalki_AddToCart_084Test" name="clickOnimageDescription" time="1.007">
    <failure type="java.lang.NullPointerException" message="Cannot invoke &amp;quot;org.openqa.selenium.WebDriver.getTitle()&amp;quot; because &amp;quot;this.driver&amp;quot; is null">
      <![CDATA[java.lang.NullPointerException: Cannot invoke "org.openqa.selenium.WebDriver.getTitle()" because "this.driver" is null
at org.automation.addToCart.TC_Kalki_AddToCart_084Test.clickOnimageDescription(TC_Kalki_AddToCart_084Test.java:29)
at java.base/java.util.concurrent.ThreadPoolExecutor.runWorker(ThreadPoolExecutor.java:1136)
at java.base/java.util.concurrent.ThreadPoolExecutor$Worker.run(ThreadPoolExecutor.java:635)
at java.base/java.lang.Thread.run(Thread.java:833)
... Removed 10 stack frames]]>
    </failure>
  </testcase> <!-- clickOnimageDescription -->
  <testcase classname="org.automation.addToCart.TC_Kalki_AddToCart_083Test" name="clickOnimageDescription" time="1.015">
    <failure type="java.lang.NullPointerException" message="Cannot invoke &amp;quot;org.openqa.selenium.WebDriver.getTitle()&amp;quot; because &amp;quot;this.driver&amp;quot; is null">
      <![CDATA[java.lang.NullPointerException: Cannot invoke "org.openqa.selenium.WebDriver.getTitle()" because "this.driver" is null
at org.automation.addToCart.TC_Kalki_AddToCart_083Test.clickOnimageDescription(TC_Kalki_AddToCart_083Test.java:30)
at java.base/java.util.concurrent.ThreadPoolExecutor.runWorker(ThreadPoolExecutor.java:1136)
at java.base/java.util.concurrent.ThreadPoolExecutor$Worker.run(ThreadPoolExecutor.java:635)
at java.base/java.lang.Thread.run(Thread.java:833)
... Removed 10 stack frames]]>
    </failure>
  </testcase> <!-- clickOnimageDescription -->
  <testcase classname="org.automation.addToCart.TC_Kalki_AddToCart_089Test" name="clickOnimageDescription" time="0.0">
    <ignored/>
  </testcase> <!-- clickOnimageDescription -->
  <testcase classname="org.automation.addToCart.TC_Kalki_AddToCart_082Test" name="clickOnimageDescription" time="0.0">
    <ignored/>
  </testcase> <!-- clickOnimageDescription -->
</testsuite> <!-- Test -->
